  소스.cpp
d:\이영진\gitprojects\프밍과제01\projectfolder\프밍과제1\소스.cpp(50): warning C4996: 'scanf': This function or variable may be unsafe. Consider using scanf_s instead. To disable deprecation, use _CRT_SECURE_NO_WARNINGS. See online help for details.
  c:\program files (x86)\windows kits\10\include\10.0.16299.0\ucrt\stdio.h(1272): note: 'scanf' 선언을 참조하십시오.
d:\이영진\gitprojects\프밍과제01\projectfolder\프밍과제1\소스.cpp(183): warning C4267: '초기화 중': 'size_t'에서 'int'(으)로 변환하면서 데이터가 손실될 수 있습니다.
d:\이영진\gitprojects\프밍과제01\projectfolder\프밍과제1\소스.cpp(185): warning C4996: 'strcpy': This function or variable may be unsafe. Consider using strcpy_s instead. To disable deprecation, use _CRT_SECURE_NO_WARNINGS. See online help for details.
  c:\program files (x86)\windows kits\10\include\10.0.16299.0\ucrt\string.h(136): note: 'strcpy' 선언을 참조하십시오.
d:\이영진\gitprojects\프밍과제01\projectfolder\프밍과제1\소스.cpp(215): warning C4996: 'strcpy': This function or variable may be unsafe. Consider using strcpy_s instead. To disable deprecation, use _CRT_SECURE_NO_WARNINGS. See online help for details.
  c:\program files (x86)\windows kits\10\include\10.0.16299.0\ucrt\string.h(136): note: 'strcpy' 선언을 참조하십시오.
d:\이영진\gitprojects\프밍과제01\projectfolder\프밍과제1\소스.cpp(220): warning C4996: 'strcpy': This function or variable may be unsafe. Consider using strcpy_s instead. To disable deprecation, use _CRT_SECURE_NO_WARNINGS. See online help for details.
  c:\program files (x86)\windows kits\10\include\10.0.16299.0\ucrt\string.h(136): note: 'strcpy' 선언을 참조하십시오.
d:\이영진\gitprojects\프밍과제01\projectfolder\프밍과제1\소스.cpp(226): warning C4996: 'strcpy': This function or variable may be unsafe. Consider using strcpy_s instead. To disable deprecation, use _CRT_SECURE_NO_WARNINGS. See online help for details.
  c:\program files (x86)\windows kits\10\include\10.0.16299.0\ucrt\string.h(136): note: 'strcpy' 선언을 참조하십시오.
d:\이영진\gitprojects\프밍과제01\projectfolder\프밍과제1\소스.cpp(253): warning C4996: 'strcpy': This function or variable may be unsafe. Consider using strcpy_s instead. To disable deprecation, use _CRT_SECURE_NO_WARNINGS. See online help for details.
  c:\program files (x86)\windows kits\10\include\10.0.16299.0\ucrt\string.h(136): note: 'strcpy' 선언을 참조하십시오.
d:\이영진\gitprojects\프밍과제01\projectfolder\프밍과제1\소스.cpp(261): warning C4996: 'strcpy': This function or variable may be unsafe. Consider using strcpy_s instead. To disable deprecation, use _CRT_SECURE_NO_WARNINGS. See online help for details.
  c:\program files (x86)\windows kits\10\include\10.0.16299.0\ucrt\string.h(136): note: 'strcpy' 선언을 참조하십시오.
d:\이영진\gitprojects\프밍과제01\projectfolder\프밍과제1\소스.cpp(274): warning C4267: '초기화 중': 'size_t'에서 'int'(으)로 변환하면서 데이터가 손실될 수 있습니다.
d:\이영진\gitprojects\프밍과제01\projectfolder\프밍과제1\소스.cpp(286): warning C4267: '초기화 중': 'size_t'에서 'int'(으)로 변환하면서 데이터가 손실될 수 있습니다.
d:\이영진\gitprojects\프밍과제01\projectfolder\프밍과제1\소스.cpp(287): warning C4267: '초기화 중': 'size_t'에서 'int'(으)로 변환하면서 데이터가 손실될 수 있습니다.
d:\이영진\gitprojects\프밍과제01\projectfolder\프밍과제1\소스.cpp(362): warning C4267: '초기화 중': 'size_t'에서 'int'(으)로 변환하면서 데이터가 손실될 수 있습니다.
d:\이영진\gitprojects\프밍과제01\projectfolder\프밍과제1\소스.cpp(363): warning C4267: '초기화 중': 'size_t'에서 'int'(으)로 변환하면서 데이터가 손실될 수 있습니다.
d:\이영진\gitprojects\프밍과제01\projectfolder\프밍과제1\소스.cpp(403): warning C4996: 'strcat': This function or variable may be unsafe. Consider using strcat_s instead. To disable deprecation, use _CRT_SECURE_NO_WARNINGS. See online help for details.
  c:\program files (x86)\windows kits\10\include\10.0.16299.0\ucrt\string.h(93): note: 'strcat' 선언을 참조하십시오.
d:\이영진\gitprojects\프밍과제01\projectfolder\프밍과제1\소스.cpp(425): warning C4267: '초기화 중': 'size_t'에서 'int'(으)로 변환하면서 데이터가 손실될 수 있습니다.
d:\이영진\gitprojects\프밍과제01\projectfolder\프밍과제1\소스.cpp(426): warning C4267: '초기화 중': 'size_t'에서 'int'(으)로 변환하면서 데이터가 손실될 수 있습니다.
d:\이영진\gitprojects\프밍과제01\projectfolder\프밍과제1\소스.cpp(432): warning C4996: 'strcpy': This function or variable may be unsafe. Consider using strcpy_s instead. To disable deprecation, use _CRT_SECURE_NO_WARNINGS. See online help for details.
  c:\program files (x86)\windows kits\10\include\10.0.16299.0\ucrt\string.h(136): note: 'strcpy' 선언을 참조하십시오.
d:\이영진\gitprojects\프밍과제01\projectfolder\프밍과제1\소스.cpp(437): warning C4996: 'strcpy': This function or variable may be unsafe. Consider using strcpy_s instead. To disable deprecation, use _CRT_SECURE_NO_WARNINGS. See online help for details.
  c:\program files (x86)\windows kits\10\include\10.0.16299.0\ucrt\string.h(136): note: 'strcpy' 선언을 참조하십시오.
d:\이영진\gitprojects\프밍과제01\projectfolder\프밍과제1\소스.cpp(438): warning C4996: 'strcat': This function or variable may be unsafe. Consider using strcat_s instead. To disable deprecation, use _CRT_SECURE_NO_WARNINGS. See online help for details.
  c:\program files (x86)\windows kits\10\include\10.0.16299.0\ucrt\string.h(93): note: 'strcat' 선언을 참조하십시오.
d:\이영진\gitprojects\프밍과제01\projectfolder\프밍과제1\소스.cpp(442): warning C4996: 'strcat': This function or variable may be unsafe. Consider using strcat_s instead. To disable deprecation, use _CRT_SECURE_NO_WARNINGS. See online help for details.
  c:\program files (x86)\windows kits\10\include\10.0.16299.0\ucrt\string.h(93): note: 'strcat' 선언을 참조하십시오.
d:\이영진\gitprojects\프밍과제01\projectfolder\프밍과제1\소스.cpp(423): warning C4101: 'resultTemp' :참조되지 않은 지역 변수입니다.
d:\이영진\gitprojects\프밍과제01\projectfolder\프밍과제1\소스.cpp(423): warning C4101: 'one' :참조되지 않은 지역 변수입니다.
  프밍과제1.vcxproj -> D:\이영진\GitProjects\프밍과제01\ProjectFolder\x64\Debug\프밍과제1.exe
